AndroidStudioProject/PhoneMonitor/app/build/outputs/mapping/release/seeds.txt
com.monitor.phone.s0ft.phonemonitor.AlarmBroadcastReceiver
com.monitor.phone.s0ft.phonemonitor.AlarmBroadcastReceiver: AlarmBroadcastReceiver()
com.monitor.phone.s0ft.phonemonitor.CallStateBroadcastReceiver
com.monitor.phone.s0ft.phonemonitor.CallStateBroadcastReceiver: CallStateBroadcastReceiver()
com.monitor.phone.s0ft.phonemonitor.CameraCapture$PictureCaptureMethod: com.monitor.phone.s0ft.phonemonitor.CameraCapture$PictureCaptureMethod[] values()
com.monitor.phone.s0ft.phonemonitor.CameraCapture$PictureCaptureMethod: com.monitor.phone.s0ft.phonemonitor.CameraCapture$PictureCaptureMethod valueOf(java.lang.String)
com.monitor.phone.s0ft.phonemonitor.MainActivity
com.monitor.phone.s0ft.phonemonitor.MainActivity: MainActivity()
com.monitor.phone.s0ft.phonemonitor.MainService
com.monitor.phone.s0ft.phonemonitor.MainService: MainService()
com.monitor.phone.s0ft.phonemonitor.NetworkChangeBroadcastReceiver
com.monitor.phone.s0ft.phonemonitor.NetworkChangeBroadcastReceiver: NetworkChangeBroadcastReceiver()
com.monitor.phone.s0ft.phonemonitor.OnBootCompletedReceiver
com.monitor.phone.s0ft.phonemonitor.OnBootCompletedReceiver: OnBootCompletedReceiver()
com.monitor.phone.s0ft.phonemonitor.R$anim: int abc_fade_in
com.monitor.phone.s0ft.phonemonitor.R$anim: int abc_fade_out
com.monitor.phone.s0ft.phonemonitor.R$anim: int abc_grow_fade_in_from_bottom
com.monitor.phone.s0ft.phonemonitor.R$anim: int abc_popup_enter
com.monitor.phone.s0ft.phonemonitor.R$anim: int abc_popup_exit
com.monitor.phone.s0ft.phonemonitor.R$anim: int abc_shrink_fade_out_from_bottom
com.monitor.phone.s0ft.phonemonitor.R$anim: int abc_slide_in_bottom
com.monitor.phone.s0ft.phonemonitor.R$anim: int abc_slide_in_top
com.monitor.phone.s0ft.phonemonitor.R$anim: int abc_slide_out_bottom
com.monitor.phone.s0ft.phonemonitor.R$anim: int abc_slide_out_top
com.monitor.phone.s0ft.phonemonitor.R$anim: int tooltip_enter
com.monitor.phone.s0ft.phonemonitor.R$anim: int tooltip_exit
com.monitor.phone.s0ft.phonemonitor.R$attr: int actionBarDivider
com.monitor.phone.s0ft.phonemonitor.R$attr: int actionBarItemBackground
com.monitor.phone.s0ft.phonemonitor.R$attr: int actionBarPopupTheme
com.monitor.phone.s0ft.phonemonitor.R$attr: int actionBarSize
com.monitor.phone.s0ft.phonemonitor.R$attr: int actionBarSplitStyle
com.monitor.phone.s0ft.phonemonitor.R$attr: int actionBarStyle
com.monitor.phone.s0ft.phonemonitor.R$attr: int actionBarTabBarStyle
com.monitor.phone.s0ft.phonemonitor.R$attr: int actionBarTabStyle
com.monitor.phone.s0ft.phonemonitor.R$attr: int actionBarTabTextStyle
com.monitor.phone.s0ft.phonemonitor.R$attr: int actionBarTheme
com.monitor.phone.s0ft.phonemonitor.R$attr: int actionBarWidgetTheme
com.monitor.phone.s0ft.phonemonitor.R$attr: int actionButtonStyle
com.monitor.phone.s0ft.phonemonitor.R$attr: int actionDropDownStyle
com.monitor.phone.s0ft.phonemonitor.R$attr: int actionLayout
com.monitor.phone.s0ft.phonemonitor.R$attr: int actionMenuTextAppearance
com.monitor.phone.s0ft.phonemonitor.R$attr: int actionMenuTextColor
com.monitor.phone.s0ft.phonemonitor.R$attr: int actionModeBackground
com.monitor.phone.s0ft.phonemonitor.R$attr: int actionModeCloseButtonStyle
com.monitor.phone.s0ft.phonemonitor.R$attr: int actionModeCloseDrawable
com.monitor.phone.s0ft.phonemonitor.R$attr: int actionModeCopyDrawable
com.monitor.phone.s0ft.phonemonitor.R$attr: int actionModeCutDrawable
com.monitor.phone.s0ft.phonemonitor.R$attr: int actionModeFindDrawable
com.monitor.phone.s0ft.phonemonitor.R$bool: int abc_action_bar_embed_tabs
com.monitor.phone.s0ft.phonemonitor.R$bool: int abc_allow_stacked_button_bar
com.monitor.phone.s0ft.phonemonitor.R$bool: int abc_config_actionMenuItemAllCaps
com.monitor.phone.s0ft.phonemonitor.R$bool: int abc_config_closeDialogWhenTouchOutside
com.monitor.phone.s0ft.phonemonitor.R$bool: int abc_config_showMenuShortcutsWhenKeyboardPresent
...
android.support.v4.R$id: int action0
android.support.v4.R$id: int action_container
android.support.v4.R$id: int action_divider
android.support.v4.R$id: int action_image
android.support.v4.R$id: int action_text
android.support.v4.R$id: int actions
android.support.v4.R$id: int async
android.support.v4.R$id: int blocking
android.support.v4.R$id: int cancel_action
android.support.v4.R$id: int chronometer
android.support.v4.R$id: int end_padder
android.support.v4.R$id: int forever
android.support.v4.R$id: int icon
android.support.v4.R$id: int icon_group
android.support.v4.R$id: int info
android.support.v4.R$id: int italic
android.support.v4.R$id: int line1
android.support.v4.R$id: int line3
android.support.v4.R$id: int media_actions
android.support.v4.R$id: int normal
android.support.v4.R$id: int notification_background
android.support.v4.R$id: int notification_main_column
android.support.v4.R$id: int notification_main_column_container
android.support.v4.R$id: int right_icon
android.support.v4.R$id: int right_side
android.support.v4.R$id: int status_bar_latest_event_content
android.support.v4.R$id: int text
android.support.v4.R$id: int text2
android.support.v4.R$id: int time
android.support.v4.R$id: int title
android.support.v4.R$integer: int cancel_button_image_alpha
android.support.v4.R$integer: int status_bar_notification_info_maxnum
android.support.v4.R$layout: int notification_action
android.support.v4.R$layout: int notification_action_tombstone
android.support.v4.R$layout: int notification_media_action
android.support.v4.R$layout: int notification_media_cancel_action
android.support.v4.R$layout: int notification_template_big_media
android.support.v4.R$layout: int notification_template_big_media_custom
android.support.v4.R$layout: int notification_template_big_media_narrow
android.support.v4.R$layout: int notification_template_big_media_narrow_custom
android.support.v4.R$layout: int notification_template_custom_big
android.support.v4.R$layout: int notification_template_icon_group
android.support.v4.R$layout: int notification_template_lines_media
android.support.v4.R$layout: int notification_template_media
android.support.v4.R$layout: int notification_template_media_custom
android.support.v4.R$layout: int notification_template_part_chronometer
android.support.v4.R$layout: int notification_template_part_time
android.support.v4.R$string: int status_bar_notification_info_overflow
android.support.v4.R$style: int TextAppearance_Compat_Notification
android.support.v4.R$style: int TextAppearance_Compat_Notification_Info
android.support.v4.R$style: int TextAppearance_Compat_Notification_Info_Media
android.support.v4.R$style: int TextAppearance_Compat_Notification_Line2
android.support.v4.R$style: int TextAppearance_Compat_Notification_Line2_Media
android.support.v4.R$style: int TextAppearance_Compat_Notification_Media
android.support.v4.R$style: int TextAppearance_Compat_Notification_Time
android.support.v4.R$style: int TextAppearance_Compat_Notification_Time_Media
android.support.v4.R$style: int TextAppearance_Compat_Notification_Title
android.support.v4.R$style: int TextAppearance_Compat_Notification_Title_Media
android.support.v4.R$style: int Widget_Compat_NotificationActionContainer
android.support.v4.R$style: int Widget_Compat_NotificationActionText
android.support.v4.R$styleable: int[] FontFamily
android.support.v4.R$styleable: int FontFamily_fontProviderAuthority
android.support.v4.R$styleable: int FontFamily_fontProviderCerts
android.support.v4.R$styleable: int FontFamily_fontProviderFetchStrategy
android.support.v4.R$styleable: int FontFamily_fontProviderFetchTimeout
android.support.v4.R$styleable: int FontFamily_fontProviderPackage
android.support.v4.R$styleable: int FontFamily_fontProviderQuery
android.support.v4.R$styleable: int[] FontFamilyFont
android.support.v4.R$styleable: int FontFamilyFont_font
android.support.v4.R$styleable: int FontFamilyFont_fontStyle
android.support.v4.R$styleable: int FontFamilyFont_fontWeight