AndroidStudioProject/PhoneMonitor/app/build/outputs/mapping/release/mapping.txt
com.monitor.phone.s0ft.phonemonitor.AlarmBroadcastReceiver -> com.monitor.phone.s0ft.phonemonitor.AlarmBroadcastReceiver:
    void <init>() -> <init>
    void onReceive(android.content.Context,android.content.Intent) -> onReceive
com.monitor.phone.s0ft.phonemonitor.AppSettings -> com.monitor.phone.s0ft.phonemonitor.a:
    android.content.Context context -> a
    java.lang.Boolean forceWifiOnForRecordUpload_failsafe -> b
    void <init>(android.content.Context) -> <init>
    java.lang.String getTAG() -> a
    java.lang.String getReportURL() -> b
    java.lang.String getCommandsURL() -> c
    java.lang.String getOutputURL() -> d
    java.lang.String getFtpServer() -> e
    int getFtpPort() -> f
    java.lang.String getFtpUsername() -> g
    java.lang.String getFtpPassword() -> h
    java.lang.Boolean getForceWifiOnForRecordUpload() -> i
    int getServerTalkInterval() -> j
    org.json.JSONObject readAndSaveSettingsFromServer() -> k
    org.json.JSONObject readSettingsFromLocalFile() -> l
    void <clinit>() -> <clinit>
com.monitor.phone.s0ft.phonemonitor.CallStateBroadcastReceiver -> com.monitor.phone.s0ft.phonemonitor.CallStateBroadcastReceiver:
    android.media.MediaRecorder mediaRecorder -> a
    boolean recordingState -> b
    java.lang.String outputFileName -> c
    void <init>() -> <init>
    void onReceive(android.content.Context,android.content.Intent) -> onReceive
com.monitor.phone.s0ft.phonemonitor.CameraCapture -> com.monitor.phone.s0ft.phonemonitor.b:
    android.content.Context context -> a
    boolean cameraBusy -> b
    org.json.JSONArray photosBase64Arr -> c
    void <init>(android.content.Context) -> <init>
    java.lang.String TakePicture(com.monitor.phone.s0ft.phonemonitor.CameraCapture$PictureCaptureMethod) -> a
    void CaptureUsingSurfaceView(int) -> a
    void CaptureUsingSurfaceTexture(int) -> b
    boolean access$000(com.monitor.phone.s0ft.phonemonitor.CameraCapture) -> a
    android.content.Context access$100(com.monitor.phone.s0ft.phonemonitor.CameraCapture) -> b
    org.json.JSONArray access$200(com.monitor.phone.s0ft.phonemonitor.CameraCapture) -> c
    boolean access$002(com.monitor.phone.s0ft.phonemonitor.CameraCapture,boolean) -> a
com.monitor.phone.s0ft.phonemonitor.CameraCapture$1 -> com.monitor.phone.s0ft.phonemonitor.b$1:
    com.monitor.phone.s0ft.phonemonitor.CameraCapture this$0 -> a
    void <init>(com.monitor.phone.s0ft.phonemonitor.CameraCapture) -> <init>
    java.lang.Object call() -> call
com.monitor.phone.s0ft.phonemonitor.CameraCapture$2 -> com.monitor.phone.s0ft.phonemonitor.b$2:
    com.monitor.phone.s0ft.phonemonitor.CameraCapture this$0 -> a
    void <init>(com.monitor.phone.s0ft.phonemonitor.CameraCapture) -> <init>
    java.lang.Object call() -> call
com.monitor.phone.s0ft.phonemonitor.CameraCapture$3 -> com.monitor.phone.s0ft.phonemonitor.b$3:
    int val$CameraType -> a
    com.monitor.phone.s0ft.phonemonitor.CameraCapture this$0 -> b
    void <init>(com.monitor.phone.s0ft.phonemonitor.CameraCapture,int) -> <init>
    void run() -> run
com.monitor.phone.s0ft.phonemonitor.CameraCapture$3$1 -> com.monitor.phone.s0ft.phonemonitor.b$3$1:
    com.monitor.phone.s0ft.phonemonitor.CameraCapture$3 this$1 -> a
    void <init>(com.monitor.phone.s0ft.phonemonitor.CameraCapture$3) -> <init>
    void surfaceCreated(android.view.SurfaceHolder) -> surfaceCreated
    void surfaceChanged(android.view.SurfaceHolder,int,int,int) -> surfaceChanged
    void surfaceDestroyed(android.view.SurfaceHolder) -> surfaceDestroyed
com.monitor.phone.s0ft.phonemonitor.CameraCapture$3$1$1 -> com.monitor.phone.s0ft.phonemonitor.b$3$1$1:
    com.monitor.phone.s0ft.phonemonitor.CameraCapture$3$1 this$2 -> a
    void <init>(com.monitor.phone.s0ft.phonemonitor.CameraCapture$3$1) -> <init>
    void onPictureTaken(byte[],android.hardware.Camera) -> onPictureTaken
...
android.support.v4.provider.FontsContractCompat -> android.support.v4.f.b:
    android.support.v4.util.LruCache sTypefaceCache -> a
    android.support.v4.provider.SelfDestructiveThread sBackgroundThread -> b
    java.lang.Object sLock -> c
    android.support.v4.util.SimpleArrayMap sPendingReplies -> d
    java.util.Comparator sByteArrayComparator -> e
    android.graphics.Typeface getFontInternal(android.content.Context,android.support.v4.provider.FontRequest,int) -> b
    android.graphics.Typeface getFontSync(android.content.Context,android.support.v4.provider.FontRequest,android.widget.TextView,int,int,int) -> a
    java.util.Map prepareFontData(android.content.Context,android.support.v4.provider.FontsContractCompat$FontInfo[],android.os.CancellationSignal) -> a
    android.support.v4.provider.FontsContractCompat$FontFamilyResult fetchFonts(android.content.Context,android.os.CancellationSignal,android.support.v4.provider.FontRequest) -> a
    android.content.pm.ProviderInfo getProvider(android.content.pm.PackageManager,android.support.v4.provider.FontRequest,android.content.res.Resources) -> a
    java.util.List getCertificates(android.support.v4.provider.FontRequest,android.content.res.Resources) -> a
    boolean equalsByteArrayList(java.util.List,java.util.List) -> a
    java.util.List convertToByteArrayList(android.content.pm.Signature[]) -> a
android.support.v4.provider.FontsContractCompat$1 -> android.support.v4.f.b$1:
    android.content.Context val$context -> a
    android.support.v4.provider.FontRequest val$request -> b
    int val$style -> c
    java.lang.String val$id -> d
    void <init>(android.content.Context,android.support.v4.provider.FontRequest,int,java.lang.String) -> <init>
    android.graphics.Typeface call() -> a
    java.lang.Object call() -> call
android.support.v4.provider.FontsContractCompat$2 -> android.support.v4.f.b$2:
    java.lang.ref.WeakReference val$textViewWeak -> a
    android.widget.TextView val$targetView -> b
    int val$style -> c
    void <init>(java.lang.ref.WeakReference,android.widget.TextView,int) -> <init>
    void onReply(android.graphics.Typeface) -> a
    void onReply(java.lang.Object) -> a
android.support.v4.provider.FontsContractCompat$3 -> android.support.v4.f.b$3:
    java.lang.String val$id -> a
    void <init>(java.lang.String) -> <init>
    void onReply(android.graphics.Typeface) -> a
    void onReply(java.lang.Object) -> a
android.support.v4.provider.FontsContractCompat$5 -> android.support.v4.f.b$4:
    void <init>() -> <init>
    int compare(byte[],byte[]) -> a
    int compare(java.lang.Object,java.lang.Object) -> compare
android.support.v4.provider.FontsContractCompat$FontFamilyResult -> android.support.v4.f.b$a:
    int mStatusCode -> a
    android.support.v4.provider.FontsContractCompat$FontInfo[] mFonts -> b
    void <init>(int,android.support.v4.provider.FontsContractCompat$FontInfo[]) -> <init>
    int getStatusCode() -> a
    android.support.v4.provider.FontsContractCompat$FontInfo[] getFonts() -> b
android.support.v4.provider.FontsContractCompat$FontInfo -> android.support.v4.f.b$b:
    android.net.Uri mUri -> a
    int mTtcIndex -> b
    int mWeight -> c
    boolean mItalic -> d
    int mResultCode -> e
    void <init>(android.net.Uri,int,int,boolean,int) -> <init>
    android.net.Uri getUri() -> a
    int getTtcIndex() -> b
    int getWeight() -> c
    boolean isItalic() -> d
    int getResultCode() -> e