AndroidStudioProject/PhoneMonitor/app/build/outputs/mapping/release/usage.txt
com.monitor.phone.s0ft.phonemonitor.AppSettings:
    private static final java.lang.String TAG
    private static final java.lang.String settingsFileName
    private static final java.lang.String getSettingsURL
    private static final java.lang.String reportURL
    private static final java.lang.String commandsURL
    private static final java.lang.String outputURL
    private static final java.lang.String ftpServer
    private static final int ftpPort
    private static final java.lang.String ftpUsername
    private static final java.lang.String ftpPassword
    private static final int serverTalkInterval_failsafe
com.monitor.phone.s0ft.phonemonitor.BuildConfig
com.monitor.phone.s0ft.phonemonitor.HelperMethods:
    25:25:public HelperMethods()
com.monitor.phone.s0ft.phonemonitor.MainService:
    private static final double UPLOAD_INTERVAL
com.monitor.phone.s0ft.phonemonitor.R
com.monitor.phone.s0ft.phonemonitor.R$anim
com.monitor.phone.s0ft.phonemonitor.R$attr
com.monitor.phone.s0ft.phonemonitor.R$bool
com.monitor.phone.s0ft.phonemonitor.R$color
com.monitor.phone.s0ft.phonemonitor.R$dimen
com.monitor.phone.s0ft.phonemonitor.R$drawable
com.monitor.phone.s0ft.phonemonitor.R$id
com.monitor.phone.s0ft.phonemonitor.R$integer
com.monitor.phone.s0ft.phonemonitor.R$layout
com.monitor.phone.s0ft.phonemonitor.R$mipmap
com.monitor.phone.s0ft.phonemonitor.R$string
com.monitor.phone.s0ft.phonemonitor.R$style
com.monitor.phone.s0ft.phonemonitor.R$styleable
com.monitor.phone.s0ft.phonemonitor.SMSExecutor:
    private static final java.lang.String Signature
    private static final java.lang.String Delimeter
...
android.support.v4.widget.TextViewCompat
android.support.v4.widget.TextViewCompat$AutoSizeTextType
android.support.v4.widget.TextViewCompat$TextViewCompatApi16Impl
android.support.v4.widget.TextViewCompat$TextViewCompatApi17Impl
android.support.v4.widget.TextViewCompat$TextViewCompatApi18Impl
android.support.v4.widget.TextViewCompat$TextViewCompatApi23Impl
android.support.v4.widget.TextViewCompat$TextViewCompatApi26Impl
android.support.v4.widget.TextViewCompat$TextViewCompatBaseImpl
android.support.v4.widget.TintableCompoundButton
android.support.v4.widget.ViewDragHelper
android.support.v4.widget.ViewDragHelper$1
android.support.v4.widget.ViewDragHelper$2
android.support.v4.widget.ViewDragHelper$Callback
android.support.v7.app.ActionBar:
    public static final int NAVIGATION_MODE_STANDARD
    public static final int NAVIGATION_MODE_LIST
    public static final int NAVIGATION_MODE_TABS
    public static final int DISPLAY_USE_LOGO
    public static final int DISPLAY_SHOW_HOME
    public static final int DISPLAY_HOME_AS_UP
    public static final int DISPLAY_SHOW_TITLE
    public static final int DISPLAY_SHOW_CUSTOM
    91:1367:public ActionBar()
    public abstract void setCustomView(android.view.View)
    public abstract void setCustomView(android.view.View,android.support.v7.app.ActionBar$LayoutParams)
    public abstract void setCustomView(int)
    public abstract void setIcon(int)
    public abstract void setIcon(android.graphics.drawable.Drawable)
    public abstract void setLogo(int)
    public abstract void setLogo(android.graphics.drawable.Drawable)
    public abstract void setListNavigationCallbacks(android.widget.SpinnerAdapter,android.support.v7.app.ActionBar$OnNavigationListener)
    public abstract void setSelectedNavigationItem(int)
    public abstract int getSelectedNavigationIndex()
    public abstract int getNavigationItemCount()
    public abstract void setTitle(java.lang.CharSequence)
    public abstract void setTitle(int)
    public abstract void setSubtitle(java.lang.CharSequence)
    public abstract void setSubtitle(int)
    public abstract void setDisplayOptions(int)
    public abstract void setDisplayOptions(int,int)
android.support.v7.app.ActionBar$DisplayOptions
android.support.v7.app.ActionBar$LayoutParams:
    1373:1391:public ActionBar$LayoutParams(int,int,int)
    1394:1395:public ActionBar$LayoutParams(int)
android.support.v7.app.ActionBar$NavigationMode
android.support.v7.app.ActionBar$OnMenuVisibilityListener
android.support.v7.app.ActionBar$OnNavigationListener
android.support.v7.app.ActionBar$Tab:
    public static final int INVALID_POSITION
    public abstract int getPosition()
    public abstract android.support.v7.app.ActionBar$Tab setIcon(android.graphics.drawable.Drawable)
    public abstract android.support.v7.app.ActionBar$Tab setIcon(int)
    public abstract android.support.v7.app.ActionBar$Tab setText(java.lang.CharSequence)
    public abstract android.support.v7.app.ActionBar$Tab setText(int)
    public abstract android.support.v7.app.ActionBar$Tab setCustomView(android.view.View)
    public abstract android.support.v7.app.ActionBar$Tab setCustomView(int)
    public abstract android.support.v7.app.ActionBar$Tab setTag(java.lang.Object)
    public abstract java.lang.Object getTag()
    public abstract android.support.v7.app.ActionBar$Tab setTabListener(android.support.v7.app.ActionBar$TabListener)
    public abstract android.support.v7.app.ActionBar$Tab setContentDescription(int)
    public abstract android.support.v7.app.ActionBar$Tab setContentDescription(java.lang.CharSequence)
android.support.v7.app.ActionBar$TabListener
android.support.v7.app.ActionBarDrawerToggle
android.support.v7.app.ActionBarDrawerToggle$1
android.support.v7.app.ActionBarDrawerToggle$Delegate
android.support.v7.app.ActionBarDrawerToggle$DelegateProvider
android.support.v7.app.ActionBarDrawerToggle$DummyDelegate
android.support.v7.app.ActionBarDrawerToggle$HoneycombDelegate